<?xml version="1.0" encoding="UTF-8"?>
<!-- Generated by org.testng.reporters.JUnitReportReporter -->
<testsuite hostname="LT062360" name="Tests.LoginTest" tests="2" failures="0" timestamp="17 Apr 2018 07:50:46 GMT" time="29.524" errors="0">
  <testcase name="loginCase" time="29.430" classname="Tests.LoginTest"/>
  <testcase name="menuCase" time="0.094" classname="Tests.LoginTest"/>
</testsuite> <!-- Tests.LoginTest -->
